Arguments: 
  /Users/linzhou/.nvm/versions/node/v7.10.0/bin/node /usr/local/bin/yarn add CusButton.scss --silent --no-progress

PATH: 
  /Users/linzhou/.nvm/versions/node/v7.10.0/lib/node_modules/npm/bin/node-gyp-bin:/Users/linzhou/Documents/Personal/werewolf_helper/node_modules/.bin:/Users/linzhou/.nvm/versions/node/v7.10.0/lib/node_modules/npm/bin/node-gyp-bin:/Users/linzhou/Documents/Personal/werewolf_helper/node_modules/.bin:/Users/linzhou/tools:/Users/linzhou/mongodb/bin:/Users/linzhou/Library/Android/sdk/platform-tools:/local/bin:/Users/linzhou/Library/Android/sdk/tools:/Users/linzhou/.nvm/versions/node/v7.10.0/bin:/Users/linzhou/bin:/usr/local/bin:/usr/local/bin:/Users/linzhou/Library/Android/sdk/platform-tools:/Users/linzhou/Library/Android/sdk/tools:/usr/local/bin:/usr/bin:/bin:/usr/sbin:/sbin:/usr/local/go/bin:/usr/local/aria2/bin

Yarn version: 
  0.21.3

Node version: 
  7.10.0

Platform: 
  darwin x64

npm manifest: 
  {
    "name": "werewolf_helper",
    "version": "1.0.0",
    "private": true,
    "description": "狼人杀助手",
    "scripts": {
      "build:weapp": "taro build --type weapp",
      "build:swan": "taro build --type swan",
      "build:alipay": "taro build --type alipay",
      "build:tt": "taro build --type tt",
      "build:h5": "taro build --type h5",
      "build:rn": "taro build --type rn",
      "dev:weapp": "npm run build:weapp -- --watch",
      "dev:swan": "npm run build:swan -- --watch",
      "dev:alipay": "npm run build:alipay -- --watch",
      "dev:tt": "npm run build:tt -- --watch",
      "dev:h5": "npm run build:h5 -- --watch",
      "dev:rn": "npm run build:rn -- --watch"
    },
    "author": "",
    "license": "MIT",
    "dependencies": {
      "@tarojs/async-await": "^1.2.8",
      "@tarojs/components": "1.2.8",
      "@tarojs/redux": "1.2.8",
      "@tarojs/redux-h5": "1.2.8",
      "@tarojs/router": "1.2.8",
      "@tarojs/taro": "1.2.8",
      "@tarojs/taro-alipay": "1.2.8",
      "@tarojs/taro-h5": "1.2.8",
      "@tarojs/taro-swan": "1.2.8",
      "@tarojs/taro-tt": "1.2.8",
      "@tarojs/taro-weapp": "1.2.8",
      "isomorphic-fetch": "^2.2.1",
      "nerv-devtools": "^1.3.9",
      "nervjs": "^1.3.9",
      "redux": "^4.0.0",
      "redux-logger": "^3.0.6",
      "redux-thunk": "^2.3.0"
    },
    "devDependencies": {
      "@types/react": "^16.4.8",
      "@types/webpack-env": "^1.13.6",
      "@tarojs/plugin-babel": "1.2.8",
      "@tarojs/plugin-csso": "1.2.8",
      "@tarojs/plugin-sass": "1.2.8",
      "@tarojs/plugin-uglifyjs": "1.2.8",
      "@tarojs/webpack-runner": "1.2.8",
      "babel-plugin-transform-class-properties": "^6.24.1",
      "babel-plugin-transform-decorators-legacy": "^1.3.4",
      "babel-plugin-transform-jsx-stylesheet": "^0.6.5",
      "babel-plugin-transform-object-rest-spread": "^6.26.0",
      "babel-preset-env": "^1.6.1",
      "babel-eslint": "^8.2.3",
      "eslint": "^4.19.1",
      "eslint-config-taro": "1.2.8",
      "eslint-plugin-react": "^7.8.2",
      "eslint-plugin-import": "^2.12.0",
      "eslint-plugin-taro": "1.2.8"
    }
  }

yarn manifest: 
  No manifest

Lockfile: 
  No lockfile

Trace: 
  Error: https://registry.npm.taobao.org/CusButton.scss: Not found
      at Request.params.callback [as _callback] (/usr/local/Cellar/yarn/0.21.3/libexec/lib/node_modules/yarn/lib/util/request-manager.js:313:18)
      at Request.self.callback (/usr/local/Cellar/yarn/0.21.3/libexec/lib/node_modules/yarn/node_modules/request/request.js:186:22)
      at emitTwo (events.js:106:13)
      at Request.emit (events.js:194:7)
      at Request.<anonymous> (/usr/local/Cellar/yarn/0.21.3/libexec/lib/node_modules/yarn/node_modules/request/request.js:1081:10)
      at emitOne (events.js:96:13)
      at Request.emit (events.js:191:7)
      at IncomingMessage.<anonymous> (/usr/local/Cellar/yarn/0.21.3/libexec/lib/node_modules/yarn/node_modules/request/request.js:1001:12)
      at Object.onceWrapper (events.js:293:19)
      at emitNone (events.js:91:20)
